<?xml version="1.0" encoding="UTF-8"?>
<!-- Generated by org.testng.reporters.JUnitXMLReporter -->
<testsuite hostname="DESKTOP-OFQJ880" ignored="0" name="Test" tests="4" failures="0" timestamp="2020-06-22T00:07:40 IST" time="248.368" errors="0">
  <testcase name="basepage" time="66.763" classname="Academy.Homepage"/>
  <testcase name="basepage" time="34.82" classname="Academy.Homepage"/>
  <testcase name="basepage" time="5.65" classname="Academy.validateNavigationPage"/>
  <testcase name="basepage" time="0.216" classname="Academy.validateTitle"/>
</testsuite> <!-- Test -->
